#! /c/Source/iverilog-install/bin/vvp
:ivl_version "12.0 (devel)" "(s20150603-1539-g2693dd32b)";
:ivl_delay_selection "TYPICAL";
:vpi_time_precision + 0;
:vpi_module "C:\OTHER_~1\iverilog\iverilog\lib\ivl\system.vpi";
:vpi_module "C:\OTHER_~1\iverilog\iverilog\lib\ivl\vhdl_sys.vpi";
:vpi_module "C:\OTHER_~1\iverilog\iverilog\lib\ivl\vhdl_textio.vpi";
:vpi_module "C:\OTHER_~1\iverilog\iverilog\lib\ivl\v2005_math.vpi";
:vpi_module "C:\OTHER_~1\iverilog\iverilog\lib\ivl\va_math.vpi";
S_000001a623a7b6f0 .scope module, "sha256" "sha256" 2 2;
 .timescale 0 0;
    .port_info 0 /INPUT 32 "input_data";
    .port_info 1 /INPUT 1 "input_valid";
    .port_info 2 /OUTPUT 1 "input_ready";
    .port_info 3 /INPUT 1 "last_word";
    .port_info 4 /INPUT 1 "clk";
    .port_info 5 /INPUT 1 "rst";
    .port_info 6 /OUTPUT 1 "output_valid";
    .port_info 7 /OUTPUT 256 "hash_data";
v000001a623ad6c50_0 .var "D", 0 0;
v000001a623ad62f0_0 .net "block_counter", 6 0, v000001a623ad6e30_0;  1 drivers
o000001a623a7dee8 .functor BUFZ 1, C4<z>; HiZ drive
v000001a623ad66b0_0 .net "clk", 0 0, o000001a623a7dee8;  0 drivers
v000001a623ad6cf0_0 .net "hash_data", 255 0, L_000001a623ad8db0;  1 drivers
o000001a623a7e428 .functor BUFZ 32, C4<zzzzzzzzzzzzzzzzzzzzzzzzzzzzzzzz>; HiZ drive
v000001a623ad6610_0 .net "input_data", 31 0, o000001a623a7e428;  0 drivers
v000001a623ad6750_0 .var "input_ready", 0 0;
o000001a623a7e488 .functor BUFZ 1, C4<z>; HiZ drive
v000001a623ad67f0_0 .net "input_valid", 0 0, o000001a623a7e488;  0 drivers
v000001a623ad8270_0 .var "last_next", 1 0;
o000001a623a7e098 .functor BUFZ 1, C4<z>; HiZ drive
v000001a623ad8950_0 .net "last_word", 0 0, o000001a623a7e098;  0 drivers
v000001a623ad7a50_0 .var "last_word_delayed", 0 0;
v000001a623ad81d0_0 .var "length_counter", 4 0;
v000001a623ad7870_0 .var "output_data", 31 0;
v000001a623ad7910_0 .net "output_valid", 0 0, v000001a623ad6b10_0;  1 drivers
o000001a623a7e188 .functor BUFZ 1, C4<z>; HiZ drive
v000001a623ad8590_0 .net "rst", 0 0, o000001a623a7e188;  0 drivers
v000001a623ad8e50_0 .var "size", 63 0;
v000001a623ad79b0_0 .var "special", 1 0;
E_000001a623a752f0 .event posedge, v000001a623ad6930_0;
E_000001a623a750f0 .event posedge, v000001a623ad7a50_0;
S_000001a6239e6810 .scope module, "Eng" "sha_engine" 2 35, 3 1 0, S_000001a623a7b6f0;
 .timescale 0 0;
    .port_info 0 /INPUT 32 "word";
    .port_info 1 /INPUT 1 "clk";
    .port_info 2 /OUTPUT 7 "index";
    .port_info 3 /INPUT 1 "rst";
    .port_info 4 /OUTPUT 1 "output_valid";
    .port_info 5 /OUTPUT 256 "hash_data";
    .port_info 6 /INPUT 1 "last_word";
    .port_info 7 /INPUT 2 "last_next";
v000001a623a34430_0 .var "Ch", 31 0;
v000001a623a794c0_0 .var "D", 0 0;
v000001a623a792e0 .array "H", 0 7, 31 0;
v000001a623a79380 .array "K", 0 63, 31 0;
v000001a6239e69a0_0 .var "Maj", 31 0;
v000001a6239e6a40_0 .var "T1", 31 0;
v000001a6239e6ae0_0 .var "T2", 31 0;
v000001a6239e6b80 .array "W", 0 63, 31 0;
v000001a623ad6020_0 .var "a", 31 0;
v000001a623ad60c0_0 .var "b", 31 0;
v000001a623ad6160_0 .var "c", 31 0;
v000001a623ad6200_0 .net "clk", 0 0, o000001a623a7dee8;  alias, 0 drivers
v000001a623ad6bb0_0 .var "d", 31 0;
v000001a623ad6430_0 .var "e", 31 0;
v000001a623ad7010_0 .var "f", 31 0;
v000001a623ad6d90_0 .var "g", 31 0;
v000001a623ad6890_0 .var "h", 31 0;
v000001a623ad6390_0 .net "hash_data", 255 0, L_000001a623ad8db0;  alias, 1 drivers
v000001a623ad6e30_0 .var "index", 6 0;
v000001a623ad6a70_0 .net "last_next", 1 0, v000001a623ad8270_0;  1 drivers
v000001a623ad6930_0 .net "last_word", 0 0, o000001a623a7e098;  alias, 0 drivers
v000001a623ad6b10_0 .var "output_valid", 0 0;
v000001a623ad7150_0 .var "p", 31 0;
v000001a623ad6ed0_0 .var "q", 31 0;
v000001a623ad64d0_0 .var "r", 31 0;
v000001a623ad69d0_0 .net "rst", 0 0, o000001a623a7e188;  alias, 0 drivers
v000001a623ad71f0_0 .var "sum0", 31 0;
v000001a623ad6f70_0 .var "sum1", 31 0;
v000001a623ad6570_0 .net "word", 31 0, v000001a623ad7870_0;  1 drivers
v000001a623ad70b0_0 .var "x", 31 0;
E_000001a623a75ef0 .event posedge, v000001a623ad6200_0;
E_000001a623a75470 .event negedge, v000001a623ad69d0_0;
v000001a623a792e0_7 .array/port v000001a623a792e0, 7;
v000001a623a792e0_6 .array/port v000001a623a792e0, 6;
v000001a623a792e0_5 .array/port v000001a623a792e0, 5;
v000001a623a792e0_4 .array/port v000001a623a792e0, 4;
LS_000001a623ad8db0_0_0 .concat [ 32 32 32 32], v000001a623a792e0_7, v000001a623a792e0_6, v000001a623a792e0_5, v000001a623a792e0_4;
v000001a623a792e0_3 .array/port v000001a623a792e0, 3;
v000001a623a792e0_2 .array/port v000001a623a792e0, 2;
v000001a623a792e0_1 .array/port v000001a623a792e0, 1;
v000001a623a792e0_0 .array/port v000001a623a792e0, 0;
LS_000001a623ad8db0_0_4 .concat [ 32 32 32 32], v000001a623a792e0_3, v000001a623a792e0_2, v000001a623a792e0_1, v000001a623a792e0_0;
L_000001a623ad8db0 .concat [ 128 128 0 0], LS_000001a623ad8db0_0_0, LS_000001a623ad8db0_0_4;
    .scope S_000001a6239e6810;
T_0 ;
    %wait E_000001a623a75470;
    %pushi/vec4 0, 0, 1;
    %store/vec4 v000001a623a794c0_0, 0, 1;
    %pushi/vec4 126, 0, 7;
    %store/vec4 v000001a623ad6e30_0, 0, 7;
    %pushi/vec4 0, 0, 1;
    %store/vec4 v000001a623ad6b10_0, 0, 1;
    %pushi/vec4 1779033703, 0, 32;
    %ix/load 4, 0, 0;
    %flag_set/imm 4, 0;
    %store/vec4a v000001a623a792e0, 4, 0;
    %pushi/vec4 3144134277, 0, 32;
    %ix/load 4, 1, 0;
    %flag_set/imm 4, 0;
    %store/vec4a v000001a623a792e0, 4, 0;
    %pushi/vec4 1013904242, 0, 32;
    %ix/load 4, 2, 0;
    %flag_set/imm 4, 0;
    %store/vec4a v000001a623a792e0, 4, 0;
    %pushi/vec4 2773480762, 0, 32;
    %ix/load 4, 3, 0;
    %flag_set/imm 4, 0;
    %store/vec4a v000001a623a792e0, 4, 0;
    %pushi/vec4 1359893119, 0, 32;
    %ix/load 4, 4, 0;
    %flag_set/imm 4, 0;
    %store/vec4a v000001a623a792e0, 4, 0;
    %pushi/vec4 2600822924, 0, 32;
    %ix/load 4, 5, 0;
    %flag_set/imm 4, 0;
    %store/vec4a v000001a623a792e0, 4, 0;
    %pushi/vec4 528734635, 0, 32;
    %ix/load 4, 6, 0;
    %flag_set/imm 4, 0;
    %store/vec4a v000001a623a792e0, 4, 0;
    %pushi/vec4 1541459225, 0, 32;
    %ix/load 4, 7, 0;
    %flag_set/imm 4, 0;
    %store/vec4a v000001a623a792e0, 4, 0;
    %pushi/vec4 1116352408, 0, 32;
    %ix/load 4, 0, 0;
    %flag_set/imm 4, 0;
    %store/vec4a v000001a623a79380, 4, 0;
    %pushi/vec4 1899447441, 0, 32;
    %ix/load 4, 1, 0;
    %flag_set/imm 4, 0;
    %store/vec4a v000001a623a79380, 4, 0;
    %pushi/vec4 3049323471, 0, 32;
    %ix/load 4, 2, 0;
    %flag_set/imm 4, 0;
    %store/vec4a v000001a623a79380, 4, 0;
    %pushi/vec4 3921009573, 0, 32;
    %ix/load 4, 3, 0;
    %flag_set/imm 4, 0;
    %store/vec4a v000001a623a79380, 4, 0;
    %pushi/vec4 961987163, 0, 32;
    %ix/load 4, 4, 0;
    %flag_set/imm 4, 0;
    %store/vec4a v000001a623a79380, 4, 0;
    %pushi/vec4 1508970993, 0, 32;
    %ix/load 4, 5, 0;
    %flag_set/imm 4, 0;
    %store/vec4a v000001a623a79380, 4, 0;
    %pushi/vec4 2453635748, 0, 32;
    %ix/load 4, 6, 0;
    %flag_set/imm 4, 0;
    %store/vec4a v000001a623a79380, 4, 0;
    %pushi/vec4 2870763221, 0, 32;
    %ix/load 4, 7, 0;
    %flag_set/imm 4, 0;
    %store/vec4a v000001a623a79380, 4, 0;
    %pushi/vec4 3624381080, 0, 32;
    %ix/load 4, 8, 0;
    %flag_set/imm 4, 0;
    %store/vec4a v000001a623a79380, 4, 0;
    %pushi/vec4 310598401, 0, 32;
    %ix/load 4, 9, 0;
    %flag_set/imm 4, 0;
    %store/vec4a v000001a623a79380, 4, 0;
    %pushi/vec4 607225278, 0, 32;
    %ix/load 4, 10, 0;
    %flag_set/imm 4, 0;
    %store/vec4a v000001a623a79380, 4, 0;
    %pushi/vec4 1426881987, 0, 32;
    %ix/load 4, 11, 0;
    %flag_set/imm 4, 0;
    %store/vec4a v000001a623a79380, 4, 0;
    %pushi/vec4 1925078388, 0, 32;
    %ix/load 4, 12, 0;
    %flag_set/imm 4, 0;
    %store/vec4a v000001a623a79380, 4, 0;
    %pushi/vec4 2162078206, 0, 32;
    %ix/load 4, 13, 0;
    %flag_set/imm 4, 0;
    %store/vec4a v000001a623a79380, 4, 0;
    %pushi/vec4 2614888103, 0, 32;
    %ix/load 4, 14, 0;
    %flag_set/imm 4, 0;
    %store/vec4a v000001a623a79380, 4, 0;
    %pushi/vec4 3248222580, 0, 32;
    %ix/load 4, 15, 0;
    %flag_set/imm 4, 0;
    %store/vec4a v000001a623a79380, 4, 0;
    %pushi/vec4 3835390401, 0, 32;
    %ix/load 4, 16, 0;
    %flag_set/imm 4, 0;
    %store/vec4a v000001a623a79380, 4, 0;
    %pushi/vec4 4022224774, 0, 32;
    %ix/load 4, 17, 0;
    %flag_set/imm 4, 0;
    %store/vec4a v000001a623a79380, 4, 0;
    %pushi/vec4 264347078, 0, 32;
    %ix/load 4, 18, 0;
    %flag_set/imm 4, 0;
    %store/vec4a v000001a623a79380, 4, 0;
    %pushi/vec4 604807628, 0, 32;
    %ix/load 4, 19, 0;
    %flag_set/imm 4, 0;
    %store/vec4a v000001a623a79380, 4, 0;
    %pushi/vec4 770255983, 0, 32;
    %ix/load 4, 20, 0;
    %flag_set/imm 4, 0;
    %store/vec4a v000001a623a79380, 4, 0;
    %pushi/vec4 1249150122, 0, 32;
    %ix/load 4, 21, 0;
    %flag_set/imm 4, 0;
    %store/vec4a v000001a623a79380, 4, 0;
    %pushi/vec4 1555081692, 0, 32;
    %ix/load 4, 22, 0;
    %flag_set/imm 4, 0;
    %store/vec4a v000001a623a79380, 4, 0;
    %pushi/vec4 1996064986, 0, 32;
    %ix/load 4, 23, 0;
    %flag_set/imm 4, 0;
    %store/vec4a v000001a623a79380, 4, 0;
    %pushi/vec4 2554220882, 0, 32;
    %ix/load 4, 24, 0;
    %flag_set/imm 4, 0;
    %store/vec4a v000001a623a79380, 4, 0;
    %pushi/vec4 2821834349, 0, 32;
    %ix/load 4, 25, 0;
    %flag_set/imm 4, 0;
    %store/vec4a v000001a623a79380, 4, 0;
    %pushi/vec4 2952996808, 0, 32;
    %ix/load 4, 26, 0;
    %flag_set/imm 4, 0;
    %store/vec4a v000001a623a79380, 4, 0;
    %pushi/vec4 3210313671, 0, 32;
    %ix/load 4, 27, 0;
    %flag_set/imm 4, 0;
    %store/vec4a v000001a623a79380, 4, 0;
    %pushi/vec4 3336571891, 0, 32;
    %ix/load 4, 28, 0;
    %flag_set/imm 4, 0;
    %store/vec4a v000001a623a79380, 4, 0;
    %pushi/vec4 3584528711, 0, 32;
    %ix/load 4, 29, 0;
    %flag_set/imm 4, 0;
    %store/vec4a v000001a623a79380, 4, 0;
    %pushi/vec4 113926993, 0, 32;
    %ix/load 4, 30, 0;
    %flag_set/imm 4, 0;
    %store/vec4a v000001a623a79380, 4, 0;
    %pushi/vec4 338241895, 0, 32;
    %ix/load 4, 31, 0;
    %flag_set/imm 4, 0;
    %store/vec4a v000001a623a79380, 4, 0;
    %pushi/vec4 666307205, 0, 32;
    %ix/load 4, 32, 0;
    %flag_set/imm 4, 0;
    %store/vec4a v000001a623a79380, 4, 0;
    %pushi/vec4 773529912, 0, 32;
    %ix/load 4, 33, 0;
    %flag_set/imm 4, 0;
    %store/vec4a v000001a623a79380, 4, 0;
    %pushi/vec4 1294757372, 0, 32;
    %ix/load 4, 34, 0;
    %flag_set/imm 4, 0;
    %store/vec4a v000001a623a79380, 4, 0;
    %pushi/vec4 1396182291, 0, 32;
    %ix/load 4, 35, 0;
    %flag_set/imm 4, 0;
    %store/vec4a v000001a623a79380, 4, 0;
    %pushi/vec4 1695183700, 0, 32;
    %ix/load 4, 36, 0;
    %flag_set/imm 4, 0;
    %store/vec4a v000001a623a79380, 4, 0;
    %pushi/vec4 1986661051, 0, 32;
    %ix/load 4, 37, 0;
    %flag_set/imm 4, 0;
    %store/vec4a v000001a623a79380, 4, 0;
    %pushi/vec4 2177026350, 0, 32;
    %ix/load 4, 38, 0;
    %flag_set/imm 4, 0;
    %store/vec4a v000001a623a79380, 4, 0;
    %pushi/vec4 2456956037, 0, 32;
    %ix/load 4, 39, 0;
    %flag_set/imm 4, 0;
    %store/vec4a v000001a623a79380, 4, 0;
    %pushi/vec4 2730485921, 0, 32;
    %ix/load 4, 40, 0;
    %flag_set/imm 4, 0;
    %store/vec4a v000001a623a79380, 4, 0;
    %pushi/vec4 2820302411, 0, 32;
    %ix/load 4, 41, 0;
    %flag_set/imm 4, 0;
    %store/vec4a v000001a623a79380, 4, 0;
    %pushi/vec4 3259730800, 0, 32;
    %ix/load 4, 42, 0;
    %flag_set/imm 4, 0;
    %store/vec4a v000001a623a79380, 4, 0;
    %pushi/vec4 3345764771, 0, 32;
    %ix/load 4, 43, 0;
    %flag_set/imm 4, 0;
    %store/vec4a v000001a623a79380, 4, 0;
    %pushi/vec4 3516065817, 0, 32;
    %ix/load 4, 44, 0;
    %flag_set/imm 4, 0;
    %store/vec4a v000001a623a79380, 4, 0;
    %pushi/vec4 3600352804, 0, 32;
    %ix/load 4, 45, 0;
    %flag_set/imm 4, 0;
    %store/vec4a v000001a623a79380, 4, 0;
    %pushi/vec4 4094571909, 0, 32;
    %ix/load 4, 46, 0;
    %flag_set/imm 4, 0;
    %store/vec4a v000001a623a79380, 4, 0;
    %pushi/vec4 275423344, 0, 32;
    %ix/load 4, 47, 0;
    %flag_set/imm 4, 0;
    %store/vec4a v000001a623a79380, 4, 0;
    %pushi/vec4 430227734, 0, 32;
    %ix/load 4, 48, 0;
    %flag_set/imm 4, 0;
    %store/vec4a v000001a623a79380, 4, 0;
    %pushi/vec4 506948616, 0, 32;
    %ix/load 4, 49, 0;
    %flag_set/imm 4, 0;
    %store/vec4a v000001a623a79380, 4, 0;
    %pushi/vec4 659060556, 0, 32;
    %ix/load 4, 50, 0;
    %flag_set/imm 4, 0;
    %store/vec4a v000001a623a79380, 4, 0;
    %pushi/vec4 883997877, 0, 32;
    %ix/load 4, 51, 0;
    %flag_set/imm 4, 0;
    %store/vec4a v000001a623a79380, 4, 0;
    %pushi/vec4 958139571, 0, 32;
    %ix/load 4, 52, 0;
    %flag_set/imm 4, 0;
    %store/vec4a v000001a623a79380, 4, 0;
    %pushi/vec4 1322822218, 0, 32;
    %ix/load 4, 53, 0;
    %flag_set/imm 4, 0;
    %store/vec4a v000001a623a79380, 4, 0;
    %pushi/vec4 1537002063, 0, 32;
    %ix/load 4, 54, 0;
    %flag_set/imm 4, 0;
    %store/vec4a v000001a623a79380, 4, 0;
    %pushi/vec4 1747873779, 0, 32;
    %ix/load 4, 55, 0;
    %flag_set/imm 4, 0;
    %store/vec4a v000001a623a79380, 4, 0;
    %pushi/vec4 1955562222, 0, 32;
    %ix/load 4, 56, 0;
    %flag_set/imm 4, 0;
    %store/vec4a v000001a623a79380, 4, 0;
    %pushi/vec4 2024104815, 0, 32;
    %ix/load 4, 57, 0;
    %flag_set/imm 4, 0;
    %store/vec4a v000001a623a79380, 4, 0;
    %pushi/vec4 2227730452, 0, 32;
    %ix/load 4, 58, 0;
    %flag_set/imm 4, 0;
    %store/vec4a v000001a623a79380, 4, 0;
    %pushi/vec4 2361852424, 0, 32;
    %ix/load 4, 59, 0;
    %flag_set/imm 4, 0;
    %store/vec4a v000001a623a79380, 4, 0;
    %pushi/vec4 2428436474, 0, 32;
    %ix/load 4, 60, 0;
    %flag_set/imm 4, 0;
    %store/vec4a v000001a623a79380, 4, 0;
    %pushi/vec4 2756734187, 0, 32;
    %ix/load 4, 61, 0;
    %flag_set/imm 4, 0;
    %store/vec4a v000001a623a79380, 4, 0;
    %pushi/vec4 3204031479, 0, 32;
    %ix/load 4, 62, 0;
    %flag_set/imm 4, 0;
    %store/vec4a v000001a623a79380, 4, 0;
    %pushi/vec4 3329325298, 0, 32;
    %ix/load 4, 63, 0;
    %flag_set/imm 4, 0;
    %store/vec4a v000001a623a79380, 4, 0;
    %jmp T_0;
    .thread T_0;
    .scope S_000001a6239e6810;
T_1 ;
    %wait E_000001a623a75ef0;
    %load/vec4 v000001a623ad6e30_0;
    %pad/u 32;
    %cmpi/e 127, 0, 32;
    %jmp/0xz  T_1.0, 4;
    %ix/load 4, 0, 0;
    %flag_set/imm 4, 0;
    %load/vec4a v000001a623a792e0, 4;
    %assign/vec4 v000001a623ad6020_0, 0;
    %ix/load 4, 1, 0;
    %flag_set/imm 4, 0;
    %load/vec4a v000001a623a792e0, 4;
    %assign/vec4 v000001a623ad60c0_0, 0;
    %ix/load 4, 2, 0;
    %flag_set/imm 4, 0;
    %load/vec4a v000001a623a792e0, 4;
    %assign/vec4 v000001a623ad6160_0, 0;
    %ix/load 4, 3, 0;
    %flag_set/imm 4, 0;
    %load/vec4a v000001a623a792e0, 4;
    %assign/vec4 v000001a623ad6bb0_0, 0;
    %ix/load 4, 4, 0;
    %flag_set/imm 4, 0;
    %load/vec4a v000001a623a792e0, 4;
    %assign/vec4 v000001a623ad6430_0, 0;
    %ix/load 4, 5, 0;
    %flag_set/imm 4, 0;
    %load/vec4a v000001a623a792e0, 4;
    %assign/vec4 v000001a623ad7010_0, 0;
    %ix/load 4, 6, 0;
    %flag_set/imm 4, 0;
    %load/vec4a v000001a623a792e0, 4;
    %assign/vec4 v000001a623ad6d90_0, 0;
    %ix/load 4, 7, 0;
    %flag_set/imm 4, 0;
    %load/vec4a v000001a623a792e0, 4;
    %assign/vec4 v000001a623ad6890_0, 0;
T_1.0 ;
    %load/vec4 v000001a623ad6e30_0;
    %pad/u 32;
    %cmpi/u 16, 0, 32;
    %jmp/0xz  T_1.2, 5;
    %load/vec4 v000001a623ad6570_0;
    %load/vec4 v000001a623ad6e30_0;
    %pad/u 8;
    %ix/vec4 3;
    %ix/load 4, 0, 0; Constant delay
    %assign/vec4/a/d v000001a6239e6b80, 0, 4;
    %jmp T_1.3;
T_1.2 ;
    %load/vec4 v000001a623ad6e30_0;
    %pad/u 32;
    %cmpi/u 64, 0, 32;
    %jmp/0xz  T_1.4, 5;
    %load/vec4 v000001a623ad6e30_0;
    %pad/u 32;
    %subi 2, 0, 32;
    %ix/vec4 4;
    %load/vec4a v000001a6239e6b80, 4;
    %parti/s 17, 0, 2;
    %load/vec4 v000001a623ad6e30_0;
    %pad/u 32;
    %subi 2, 0, 32;
    %ix/vec4 4;
    %load/vec4a v000001a6239e6b80, 4;
    %parti/s 15, 17, 6;
    %concat/vec4; draw_concat_vec4
    %load/vec4 v000001a623ad6e30_0;
    %pad/u 32;
    %subi 2, 0, 32;
    %ix/vec4 4;
    %load/vec4a v000001a6239e6b80, 4;
    %parti/s 19, 0, 2;
    %load/vec4 v000001a623ad6e30_0;
    %pad/u 32;
    %subi 2, 0, 32;
    %ix/vec4 4;
    %load/vec4a v000001a6239e6b80, 4;
    %parti/s 13, 19, 6;
    %concat/vec4; draw_concat_vec4
    %xor;
    %load/vec4 v000001a623ad6e30_0;
    %pad/u 32;
    %subi 2, 0, 32;
    %ix/vec4 4;
    %load/vec4a v000001a6239e6b80, 4;
    %ix/load 4, 10, 0;
    %flag_set/imm 4, 0;
    %shiftr 4;
    %xor;
    %store/vec4 v000001a623ad7150_0, 0, 32;
    %load/vec4 v000001a623ad6e30_0;
    %pad/u 32;
    %subi 7, 0, 32;
    %ix/vec4 4;
    %load/vec4a v000001a6239e6b80, 4;
    %store/vec4 v000001a623ad6ed0_0, 0, 32;
    %load/vec4 v000001a623ad6e30_0;
    %pad/u 32;
    %subi 15, 0, 32;
    %ix/vec4 4;
    %load/vec4a v000001a6239e6b80, 4;
    %parti/s 7, 0, 2;
    %load/vec4 v000001a623ad6e30_0;
    %pad/u 32;
    %subi 15, 0, 32;
    %ix/vec4 4;
    %load/vec4a v000001a6239e6b80, 4;
    %parti/s 25, 7, 4;
    %concat/vec4; draw_concat_vec4
    %load/vec4 v000001a623ad6e30_0;
    %pad/u 32;
    %subi 15, 0, 32;
    %ix/vec4 4;
    %load/vec4a v000001a6239e6b80, 4;
    %parti/s 18, 0, 2;
    %load/vec4 v000001a623ad6e30_0;
    %pad/u 32;
    %subi 15, 0, 32;
    %ix/vec4 4;
    %load/vec4a v000001a6239e6b80, 4;
    %parti/s 14, 18, 6;
    %concat/vec4; draw_concat_vec4
    %xor;
    %load/vec4 v000001a623ad6e30_0;
    %pad/u 32;
    %subi 15, 0, 32;
    %ix/vec4 4;
    %load/vec4a v000001a6239e6b80, 4;
    %ix/load 4, 3, 0;
    %flag_set/imm 4, 0;
    %shiftr 4;
    %xor;
    %store/vec4 v000001a623ad64d0_0, 0, 32;
    %load/vec4 v000001a623ad6e30_0;
    %pad/u 32;
    %subi 16, 0, 32;
    %ix/vec4 4;
    %load/vec4a v000001a6239e6b80, 4;
    %store/vec4 v000001a623ad70b0_0, 0, 32;
    %load/vec4 v000001a623ad7150_0;
    %load/vec4 v000001a623ad6ed0_0;
    %add;
    %load/vec4 v000001a623ad64d0_0;
    %add;
    %load/vec4 v000001a623ad70b0_0;
    %add;
    %load/vec4 v000001a623ad6e30_0;
    %pad/u 8;
    %ix/vec4 3;
    %ix/load 4, 0, 0; Constant delay
    %assign/vec4/a/d v000001a6239e6b80, 0, 4;
T_1.4 ;
T_1.3 ;
    %load/vec4 v000001a623ad6e30_0;
    %addi 1, 0, 7;
    %assign/vec4 v000001a623ad6e30_0, 0;
    %jmp T_1;
    .thread T_1;
    .scope S_000001a6239e6810;
T_2 ;
    %wait E_000001a623a75ef0;
    %load/vec4 v000001a623ad6e30_0;
    %pad/u 32;
    %cmpi/u 0, 0, 32;
    %flag_or 5, 4; GT is !LE
    %flag_inv 5;
    %flag_get/vec4 5;
    %jmp/0 T_2.2, 5;
    %load/vec4 v000001a623ad6e30_0;
    %pad/u 32;
    %cmpi/u 65, 0, 32;
    %flag_get/vec4 5;
    %and;
T_2.2;
    %flag_set/vec4 8;
    %jmp/0xz  T_2.0, 8;
    %load/vec4 v000001a623ad6430_0;
    %parti/s 6, 0, 2;
    %load/vec4 v000001a623ad6430_0;
    %parti/s 26, 6, 4;
    %concat/vec4; draw_concat_vec4
    %load/vec4 v000001a623ad6430_0;
    %parti/s 11, 0, 2;
    %load/vec4 v000001a623ad6430_0;
    %parti/s 21, 11, 5;
    %concat/vec4; draw_concat_vec4
    %xor;
    %load/vec4 v000001a623ad6430_0;
    %parti/s 25, 0, 2;
    %load/vec4 v000001a623ad6430_0;
    %parti/s 7, 25, 6;
    %concat/vec4; draw_concat_vec4
    %xor;
    %store/vec4 v000001a623ad6f70_0, 0, 32;
    %load/vec4 v000001a623ad6020_0;
    %parti/s 2, 0, 2;
    %load/vec4 v000001a623ad6020_0;
    %parti/s 30, 2, 3;
    %concat/vec4; draw_concat_vec4
    %load/vec4 v000001a623ad6020_0;
    %parti/s 13, 0, 2;
    %load/vec4 v000001a623ad6020_0;
    %parti/s 19, 13, 5;
    %concat/vec4; draw_concat_vec4
    %xor;
    %load/vec4 v000001a623ad6020_0;
    %parti/s 22, 0, 2;
    %load/vec4 v000001a623ad6020_0;
    %parti/s 10, 22, 6;
    %concat/vec4; draw_concat_vec4
    %xor;
    %store/vec4 v000001a623ad71f0_0, 0, 32;
    %load/vec4 v000001a623ad6430_0;
    %load/vec4 v000001a623ad7010_0;
    %and;
    %load/vec4 v000001a623ad6430_0;
    %inv;
    %load/vec4 v000001a623ad6d90_0;
    %and;
    %xor;
    %store/vec4 v000001a623a34430_0, 0, 32;
    %load/vec4 v000001a623ad6020_0;
    %load/vec4 v000001a623ad60c0_0;
    %and;
    %load/vec4 v000001a623ad60c0_0;
    %load/vec4 v000001a623ad6160_0;
    %and;
    %xor;
    %load/vec4 v000001a623ad6160_0;
    %load/vec4 v000001a623ad6020_0;
    %and;
    %xor;
    %store/vec4 v000001a6239e69a0_0, 0, 32;
    %load/vec4 v000001a623ad6890_0;
    %load/vec4 v000001a623ad6f70_0;
    %add;
    %load/vec4 v000001a623a34430_0;
    %add;
    %load/vec4 v000001a623ad6e30_0;
    %pad/u 32;
    %subi 1, 0, 32;
    %ix/vec4 4;
    %load/vec4a v000001a623a79380, 4;
    %add;
    %load/vec4 v000001a623ad6e30_0;
    %pad/u 32;
    %subi 1, 0, 32;
    %ix/vec4 4;
    %load/vec4a v000001a6239e6b80, 4;
    %add;
    %store/vec4 v000001a6239e6a40_0, 0, 32;
    %load/vec4 v000001a623ad71f0_0;
    %load/vec4 v000001a6239e69a0_0;
    %add;
    %store/vec4 v000001a6239e6ae0_0, 0, 32;
    %load/vec4 v000001a623ad6d90_0;
    %assign/vec4 v000001a623ad6890_0, 0;
    %load/vec4 v000001a623ad7010_0;
    %assign/vec4 v000001a623ad6d90_0, 0;
    %load/vec4 v000001a623ad6430_0;
    %assign/vec4 v000001a623ad7010_0, 0;
    %load/vec4 v000001a623ad6bb0_0;
    %load/vec4 v000001a623ad6890_0;
    %add;
    %load/vec4 v000001a623ad6f70_0;
    %add;
    %load/vec4 v000001a623a34430_0;
    %add;
    %load/vec4 v000001a623ad6e30_0;
    %pad/u 32;
    %subi 1, 0, 32;
    %ix/vec4 4;
    %load/vec4a v000001a623a79380, 4;
    %add;
    %load/vec4 v000001a623ad6e30_0;
    %pad/u 32;
    %subi 1, 0, 32;
    %ix/vec4 4;
    %load/vec4a v000001a6239e6b80, 4;
    %add;
    %assign/vec4 v000001a623ad6430_0, 0;
    %load/vec4 v000001a623ad6160_0;
    %assign/vec4 v000001a623ad6bb0_0, 0;
    %load/vec4 v000001a623ad60c0_0;
    %assign/vec4 v000001a623ad6160_0, 0;
    %load/vec4 v000001a623ad6020_0;
    %assign/vec4 v000001a623ad60c0_0, 0;
    %load/vec4 v000001a6239e6a40_0;
    %load/vec4 v000001a6239e6ae0_0;
    %add;
    %assign/vec4 v000001a623ad6020_0, 0;
T_2.0 ;
    %load/vec4 v000001a623ad6e30_0;
    %pad/u 32;
    %cmpi/e 65, 0, 32;
    %jmp/0xz  T_2.3, 4;
    %load/vec4 v000001a623ad6020_0;
    %ix/load 4, 0, 0;
    %flag_set/imm 4, 0;
    %load/vec4a v000001a623a792e0, 4;
    %add;
    %ix/load 3, 0, 0;
    %flag_set/imm 4, 0;
    %ix/load 4, 0, 0; Constant delay
    %assign/vec4/a/d v000001a623a792e0, 0, 4;
    %load/vec4 v000001a623ad60c0_0;
    %ix/load 4, 1, 0;
    %flag_set/imm 4, 0;
    %load/vec4a v000001a623a792e0, 4;
    %add;
    %ix/load 3, 1, 0;
    %flag_set/imm 4, 0;
    %ix/load 4, 0, 0; Constant delay
    %assign/vec4/a/d v000001a623a792e0, 0, 4;
    %load/vec4 v000001a623ad6160_0;
    %ix/load 4, 2, 0;
    %flag_set/imm 4, 0;
    %load/vec4a v000001a623a792e0, 4;
    %add;
    %ix/load 3, 2, 0;
    %flag_set/imm 4, 0;
    %ix/load 4, 0, 0; Constant delay
    %assign/vec4/a/d v000001a623a792e0, 0, 4;
    %load/vec4 v000001a623ad6bb0_0;
    %ix/load 4, 3, 0;
    %flag_set/imm 4, 0;
    %load/vec4a v000001a623a792e0, 4;
    %add;
    %ix/load 3, 3, 0;
    %flag_set/imm 4, 0;
    %ix/load 4, 0, 0; Constant delay
    %assign/vec4/a/d v000001a623a792e0, 0, 4;
    %load/vec4 v000001a623ad6430_0;
    %ix/load 4, 4, 0;
    %flag_set/imm 4, 0;
    %load/vec4a v000001a623a792e0, 4;
    %add;
    %ix/load 3, 4, 0;
    %flag_set/imm 4, 0;
    %ix/load 4, 0, 0; Constant delay
    %assign/vec4/a/d v000001a623a792e0, 0, 4;
    %load/vec4 v000001a623ad7010_0;
    %ix/load 4, 5, 0;
    %flag_set/imm 4, 0;
    %load/vec4a v000001a623a792e0, 4;
    %add;
    %ix/load 3, 5, 0;
    %flag_set/imm 4, 0;
    %ix/load 4, 0, 0; Constant delay
    %assign/vec4/a/d v000001a623a792e0, 0, 4;
    %load/vec4 v000001a623ad6d90_0;
    %ix/load 4, 6, 0;
    %flag_set/imm 4, 0;
    %load/vec4a v000001a623a792e0, 4;
    %add;
    %ix/load 3, 6, 0;
    %flag_set/imm 4, 0;
    %ix/load 4, 0, 0; Constant delay
    %assign/vec4/a/d v000001a623a792e0, 0, 4;
    %load/vec4 v000001a623ad6890_0;
    %ix/load 4, 7, 0;
    %flag_set/imm 4, 0;
    %load/vec4a v000001a623a792e0, 4;
    %add;
    %ix/load 3, 7, 0;
    %flag_set/imm 4, 0;
    %ix/load 4, 0, 0; Constant delay
    %assign/vec4/a/d v000001a623a792e0, 0, 4;
    %pushi/vec4 127, 0, 7;
    %assign/vec4 v000001a623ad6e30_0, 0;
    %load/vec4 v000001a623ad6930_0;
    %pad/u 32;
    %cmpi/e 1, 0, 32;
    %flag_get/vec4 4;
    %jmp/0 T_2.7, 4;
    %load/vec4 v000001a623ad6a70_0;
    %parti/s 1, 0, 2;
    %cmpi/e 1, 0, 1;
    %flag_get/vec4 4;
    %jmp/1 T_2.8, 4;
    %load/vec4 v000001a623a794c0_0;
    %pushi/vec4 1, 0, 1;
    %cmp/e;
    %flag_get/vec4 4;
    %or;
T_2.8;
    %and;
T_2.7;
    %flag_set/vec4 8;
    %jmp/0xz  T_2.5, 8;
    %pushi/vec4 1, 0, 1;
    %store/vec4 v000001a623ad6b10_0, 0, 1;
T_2.5 ;
    %load/vec4 v000001a623ad6a70_0;
    %parti/s 1, 1, 2;
    %cmpi/e 1, 0, 1;
    %jmp/0xz  T_2.9, 4;
    %pushi/vec4 1, 0, 1;
    %assign/vec4 v000001a623a794c0_0, 0;
T_2.9 ;
T_2.3 ;
    %jmp T_2;
    .thread T_2;
    .scope S_000001a623a7b6f0;
T_3 ;
    %wait E_000001a623a75470;
    %pushi/vec4 0, 0, 2;
    %store/vec4 v000001a623ad8270_0, 0, 2;
    %pushi/vec4 1, 0, 1;
    %assign/vec4 v000001a623ad6750_0, 0;
    %pushi/vec4 31, 0, 5;
    %assign/vec4 v000001a623ad81d0_0, 0;
    %pushi/vec4 0, 0, 2;
    %assign/vec4 v000001a623ad79b0_0, 0;
    %pushi/vec4 4294967295, 0, 32;
    %concati/vec4 4294967264, 0, 32;
    %assign/vec4 v000001a623ad8e50_0, 0;
    %pushi/vec4 1, 0, 1;
    %assign/vec4 v000001a623ad6c50_0, 0;
    %pushi/vec4 0, 0, 1;
    %assign/vec4 v000001a623ad7a50_0, 0;
    %jmp T_3;
    .thread T_3;
    .scope S_000001a623a7b6f0;
T_4 ;
    %wait E_000001a623a75ef0;
    %load/vec4 v000001a623ad67f0_0;
    %cmpi/e 1, 0, 1;
    %flag_get/vec4 4;
    %jmp/0 T_4.2, 4;
    %load/vec4 v000001a623ad6750_0;
    %pushi/vec4 1, 0, 1;
    %cmp/e;
    %flag_get/vec4 4;
    %and;
T_4.2;
    %flag_set/vec4 8;
    %jmp/0xz  T_4.0, 8;
    %load/vec4 v000001a623ad81d0_0;
    %cmpi/e 14, 0, 5;
    %jmp/0xz  T_4.3, 4;
    %pushi/vec4 0, 0, 1;
    %assign/vec4 v000001a623ad6750_0, 0;
T_4.3 ;
    %load/vec4 v000001a623ad81d0_0;
    %addi 1, 0, 5;
    %store/vec4 v000001a623ad81d0_0, 0, 5;
T_4.0 ;
    %jmp T_4;
    .thread T_4;
    .scope S_000001a623a7b6f0;
T_5 ;
    %wait E_000001a623a75ef0;
    %load/vec4 v000001a623ad8950_0;
    %cmpi/e 1, 0, 1;
    %jmp/0xz  T_5.0, 4;
    %pushi/vec4 1, 0, 1;
    %assign/vec4 v000001a623ad7a50_0, 0;
T_5.0 ;
    %jmp T_5;
    .thread T_5;
    .scope S_000001a623a7b6f0;
T_6 ;
    %wait E_000001a623a750f0;
    %load/vec4 v000001a623ad81d0_0;
    %pad/u 32;
    %cmpi/u 13, 0, 32;
    %flag_or 5, 4;
    %jmp/0xz  T_6.0, 5;
    %pushi/vec4 1, 0, 2;
    %assign/vec4 v000001a623ad79b0_0, 0;
    %jmp T_6.1;
T_6.0 ;
    %pushi/vec4 3, 0, 2;
    %assign/vec4 v000001a623ad79b0_0, 0;
T_6.1 ;
    %jmp T_6;
    .thread T_6;
    .scope S_000001a623a7b6f0;
T_7 ;
    %wait E_000001a623a75ef0;
    %load/vec4 v000001a623ad79b0_0;
    %dup/vec4;
    %pushi/vec4 0, 0, 2;
    %cmp/u;
    %jmp/1 T_7.0, 6;
    %dup/vec4;
    %pushi/vec4 1, 0, 2;
    %cmp/u;
    %jmp/1 T_7.1, 6;
    %dup/vec4;
    %pushi/vec4 3, 0, 2;
    %cmp/u;
    %jmp/1 T_7.2, 6;
    %jmp T_7.3;
T_7.0 ;
    %load/vec4 v000001a623ad6610_0;
    %assign/vec4 v000001a623ad7870_0, 0;
    %pushi/vec4 0, 0, 2;
    %assign/vec4 v000001a623ad8270_0, 0;
    %jmp T_7.3;
T_7.1 ;
    %pushi/vec4 1, 0, 2;
    %assign/vec4 v000001a623ad8270_0, 0;
    %load/vec4 v000001a623ad81d0_0;
    %pad/u 32;
    %cmpi/u 15, 0, 32;
    %jmp/0xz  T_7.4, 5;
    %load/vec4 v000001a623ad81d0_0;
    %pad/u 32;
    %cmpi/e 1, 0, 32;
    %flag_get/vec4 4;
    %jmp/0 T_7.8, 4;
    %load/vec4 v000001a623ad8e50_0;
    %pushi/vec4 512, 0, 64;
    %cmp/e;
    %flag_get/vec4 4;
    %and;
T_7.8;
    %flag_set/vec4 8;
    %jmp/0xz  T_7.6, 8;
    %pushi/vec4 2147483648, 0, 32;
    %assign/vec4 v000001a623ad7870_0, 0;
    %jmp T_7.7;
T_7.6 ;
    %pushi/vec4 0, 0, 1;
    %assign/vec4 v000001a623ad6c50_0, 0;
    %load/vec4 v000001a623ad6c50_0;
    %concati/vec4 0, 0, 31;
    %assign/vec4 v000001a623ad7870_0, 0;
T_7.7 ;
    %jmp T_7.5;
T_7.4 ;
    %load/vec4 v000001a623ad81d0_0;
    %pad/u 32;
    %cmpi/e 15, 0, 32;
    %jmp/0xz  T_7.9, 4;
    %load/vec4 v000001a623ad8e50_0;
    %parti/s 32, 32, 7;
    %assign/vec4 v000001a623ad7870_0, 0;
    %load/vec4 v000001a623ad81d0_0;
    %addi 1, 0, 5;
    %assign/vec4 v000001a623ad81d0_0, 0;
    %jmp T_7.10;
T_7.9 ;
    %load/vec4 v000001a623ad8e50_0;
    %parti/s 32, 0, 2;
    %assign/vec4 v000001a623ad7870_0, 0;
T_7.10 ;
T_7.5 ;
    %jmp T_7.3;
T_7.2 ;
    %pushi/vec4 2, 0, 2;
    %assign/vec4 v000001a623ad8270_0, 0;
    %pushi/vec4 0, 0, 1;
    %assign/vec4 v000001a623ad6c50_0, 0;
    %load/vec4 v000001a623ad6c50_0;
    %concati/vec4 0, 0, 31;
    %assign/vec4 v000001a623ad7870_0, 0;
    %jmp T_7.3;
T_7.3 ;
    %pop/vec4 1;
    %jmp T_7;
    .thread T_7;
    .scope S_000001a623a7b6f0;
T_8 ;
    %wait E_000001a623a75ef0;
    %load/vec4 v000001a623ad62f0_0;
    %pad/u 32;
    %cmpi/e 64, 0, 32;
    %jmp/0xz  T_8.0, 4;
    %pushi/vec4 31, 0, 5;
    %assign/vec4 v000001a623ad81d0_0, 0;
    %pushi/vec4 1, 0, 1;
    %assign/vec4 v000001a623ad6750_0, 0;
T_8.0 ;
    %load/vec4 v000001a623ad62f0_0;
    %pad/u 32;
    %cmpi/e 65, 0, 32;
    %jmp/0xz  T_8.2, 4;
    %load/vec4 v000001a623ad79b0_0;
    %pad/u 32;
    %cmpi/e 3, 0, 32;
    %jmp/0xz  T_8.4, 4;
    %pushi/vec4 1, 0, 2;
    %assign/vec4 v000001a623ad79b0_0, 0;
    %jmp T_8.5;
T_8.4 ;
    %pushi/vec4 0, 0, 2;
    %assign/vec4 v000001a623ad79b0_0, 0;
T_8.5 ;
T_8.2 ;
    %jmp T_8;
    .thread T_8;
    .scope S_000001a623a7b6f0;
T_9 ;
    %wait E_000001a623a75ef0;
    %load/vec4 v000001a623ad6750_0;
    %pad/u 32;
    %cmpi/e 1, 0, 32;
    %flag_get/vec4 4;
    %jmp/0 T_9.2, 4;
    %load/vec4 v000001a623ad79b0_0;
    %pad/u 32;
    %pushi/vec4 0, 0, 32;
    %cmp/e;
    %flag_get/vec4 4;
    %and;
T_9.2;
    %flag_set/vec4 8;
    %jmp/0xz  T_9.0, 8;
    %load/vec4 v000001a623ad8e50_0;
    %addi 32, 0, 64;
    %assign/vec4 v000001a623ad8e50_0, 0;
T_9.0 ;
    %jmp T_9;
    .thread T_9;
    .scope S_000001a623a7b6f0;
T_10 ;
    %wait E_000001a623a752f0;
    %load/vec4 v000001a623ad81d0_0;
    %pad/u 32;
    %cmpi/e 15, 0, 32;
    %jmp/0xz  T_10.0, 4;
    %load/vec4 v000001a623ad8e50_0;
    %addi 32, 0, 64;
    %assign/vec4 v000001a623ad8e50_0, 0;
T_10.0 ;
    %jmp T_10;
    .thread T_10;
# The file index is used to find the file name in the following table.
:file_names 4;
    "N/A";
    "<interactive>";
    "sha256.v";
    "./sha_engine.v";
