#! /c/Source/iverilog-install/bin/vvp
:ivl_version "12.0 (devel)" "(s20150603-1539-g2693dd32b)";
:ivl_delay_selection "TYPICAL";
:vpi_time_precision + 0;
:vpi_module "C:\OTHER_~1\iverilog\iverilog\lib\ivl\system.vpi";
:vpi_module "C:\OTHER_~1\iverilog\iverilog\lib\ivl\vhdl_sys.vpi";
:vpi_module "C:\OTHER_~1\iverilog\iverilog\lib\ivl\vhdl_textio.vpi";
:vpi_module "C:\OTHER_~1\iverilog\iverilog\lib\ivl\v2005_math.vpi";
:vpi_module "C:\OTHER_~1\iverilog\iverilog\lib\ivl\va_math.vpi";
S_000001e25a576920 .scope module, "sha_engine" "sha_engine" 2 1;
 .timescale 0 0;
    .port_info 0 /INPUT 32 "word";
    .port_info 1 /INPUT 1 "clk";
    .port_info 2 /OUTPUT 7 "index";
    .port_info 3 /INPUT 1 "rst";
    .port_info 4 /OUTPUT 1 "output_valid";
    .port_info 5 /OUTPUT 256 "hash_data";
    .port_info 6 /INPUT 1 "last_word";
    .port_info 7 /INPUT 2 "last_next";
v000001e25a5c4b20_0 .var "Ch", 31 0;
v000001e25a576ab0_0 .var "D", 0 0;
v000001e25a576b50 .array "H", 0 7, 31 0;
v000001e25a576bf0 .array "K", 0 63, 31 0;
v000001e25a64a420_0 .var "Maj", 31 0;
v000001e25a64a4c0_0 .var "T1", 31 0;
v000001e25a64a560_0 .var "T2", 31 0;
v000001e25a64a600 .array "W", 0 63, 31 0;
v000001e25a64a6a0_0 .var "a", 31 0;
v000001e25a64a740_0 .var "b", 31 0;
v000001e25a64a7e0_0 .var "c", 31 0;
o000001e25a5f62f8 .functor BUFZ 1, C4<z>; HiZ drive
v000001e25a64a880_0 .net "clk", 0 0, o000001e25a5f62f8;  0 drivers
v000001e25a64a920_0 .var "d", 31 0;
v000001e25a64a9c0_0 .var "e", 31 0;
v000001e25a64b4b0_0 .var "f", 31 0;
v000001e25a64ab50_0 .var "g", 31 0;
v000001e25a64b410_0 .var "h", 31 0;
v000001e25a64b870_0 .net "hash_data", 255 0, L_000001e25a64aab0;  1 drivers
v000001e25a64b550_0 .var "index", 6 0;
o000001e25a5f6478 .functor BUFZ 2, C4<zz>; HiZ drive
v000001e25a64afb0_0 .net "last_next", 1 0, o000001e25a5f6478;  0 drivers
o000001e25a5f64a8 .functor BUFZ 1, C4<z>; HiZ drive
v000001e25a64b690_0 .net "last_word", 0 0, o000001e25a5f64a8;  0 drivers
v000001e25a64b5f0_0 .var "output_valid", 0 0;
v000001e25a64b730_0 .var "p", 31 0;
v000001e25a64b050_0 .var "q", 31 0;
v000001e25a64b7d0_0 .var "r", 31 0;
o000001e25a5f6598 .functor BUFZ 1, C4<z>; HiZ drive
v000001e25a64b0f0_0 .net "rst", 0 0, o000001e25a5f6598;  0 drivers
v000001e25a64b910_0 .var "sum0", 31 0;
v000001e25a64ae70_0 .var "sum1", 31 0;
o000001e25a5f6628 .functor BUFZ 32, C4<zzzzzzzzzzzzzzzzzzzzzzzzzzzzzzzz>; HiZ drive
v000001e25a64b9b0_0 .net "word", 31 0, o000001e25a5f6628;  0 drivers
v000001e25a64b190_0 .var "x", 31 0;
E_000001e25a5ef0e0 .event posedge, v000001e25a64a880_0;
E_000001e25a5ef120 .event negedge, v000001e25a64b0f0_0;
v000001e25a576b50_7 .array/port v000001e25a576b50, 7;
v000001e25a576b50_6 .array/port v000001e25a576b50, 6;
v000001e25a576b50_5 .array/port v000001e25a576b50, 5;
v000001e25a576b50_4 .array/port v000001e25a576b50, 4;
LS_000001e25a64aab0_0_0 .concat [ 32 32 32 32], v000001e25a576b50_7, v000001e25a576b50_6, v000001e25a576b50_5, v000001e25a576b50_4;
v000001e25a576b50_3 .array/port v000001e25a576b50, 3;
v000001e25a576b50_2 .array/port v000001e25a576b50, 2;
v000001e25a576b50_1 .array/port v000001e25a576b50, 1;
v000001e25a576b50_0 .array/port v000001e25a576b50, 0;
LS_000001e25a64aab0_0_4 .concat [ 32 32 32 32], v000001e25a576b50_3, v000001e25a576b50_2, v000001e25a576b50_1, v000001e25a576b50_0;
L_000001e25a64aab0 .concat [ 128 128 0 0], LS_000001e25a64aab0_0_0, LS_000001e25a64aab0_0_4;
    .scope S_000001e25a576920;
T_0 ;
    %wait E_000001e25a5ef120;
    %pushi/vec4 0, 0, 1;
    %store/vec4 v000001e25a576ab0_0, 0, 1;
    %pushi/vec4 126, 0, 7;
    %store/vec4 v000001e25a64b550_0, 0, 7;
    %pushi/vec4 0, 0, 1;
    %store/vec4 v000001e25a64b5f0_0, 0, 1;
    %pushi/vec4 1779033703, 0, 32;
    %ix/load 4, 0, 0;
    %flag_set/imm 4, 0;
    %store/vec4a v000001e25a576b50, 4, 0;
    %pushi/vec4 3144134277, 0, 32;
    %ix/load 4, 1, 0;
    %flag_set/imm 4, 0;
    %store/vec4a v000001e25a576b50, 4, 0;
    %pushi/vec4 1013904242, 0, 32;
    %ix/load 4, 2, 0;
    %flag_set/imm 4, 0;
    %store/vec4a v000001e25a576b50, 4, 0;
    %pushi/vec4 2773480762, 0, 32;
    %ix/load 4, 3, 0;
    %flag_set/imm 4, 0;
    %store/vec4a v000001e25a576b50, 4, 0;
    %pushi/vec4 1359893119, 0, 32;
    %ix/load 4, 4, 0;
    %flag_set/imm 4, 0;
    %store/vec4a v000001e25a576b50, 4, 0;
    %pushi/vec4 2600822924, 0, 32;
    %ix/load 4, 5, 0;
    %flag_set/imm 4, 0;
    %store/vec4a v000001e25a576b50, 4, 0;
    %pushi/vec4 528734635, 0, 32;
    %ix/load 4, 6, 0;
    %flag_set/imm 4, 0;
    %store/vec4a v000001e25a576b50, 4, 0;
    %pushi/vec4 1541459225, 0, 32;
    %ix/load 4, 7, 0;
    %flag_set/imm 4, 0;
    %store/vec4a v000001e25a576b50, 4, 0;
    %pushi/vec4 1116352408, 0, 32;
    %ix/load 4, 0, 0;
    %flag_set/imm 4, 0;
    %store/vec4a v000001e25a576bf0, 4, 0;
    %pushi/vec4 1899447441, 0, 32;
    %ix/load 4, 1, 0;
    %flag_set/imm 4, 0;
    %store/vec4a v000001e25a576bf0, 4, 0;
    %pushi/vec4 3049323471, 0, 32;
    %ix/load 4, 2, 0;
    %flag_set/imm 4, 0;
    %store/vec4a v000001e25a576bf0, 4, 0;
    %pushi/vec4 3921009573, 0, 32;
    %ix/load 4, 3, 0;
    %flag_set/imm 4, 0;
    %store/vec4a v000001e25a576bf0, 4, 0;
    %pushi/vec4 961987163, 0, 32;
    %ix/load 4, 4, 0;
    %flag_set/imm 4, 0;
    %store/vec4a v000001e25a576bf0, 4, 0;
    %pushi/vec4 1508970993, 0, 32;
    %ix/load 4, 5, 0;
    %flag_set/imm 4, 0;
    %store/vec4a v000001e25a576bf0, 4, 0;
    %pushi/vec4 2453635748, 0, 32;
    %ix/load 4, 6, 0;
    %flag_set/imm 4, 0;
    %store/vec4a v000001e25a576bf0, 4, 0;
    %pushi/vec4 2870763221, 0, 32;
    %ix/load 4, 7, 0;
    %flag_set/imm 4, 0;
    %store/vec4a v000001e25a576bf0, 4, 0;
    %pushi/vec4 3624381080, 0, 32;
    %ix/load 4, 8, 0;
    %flag_set/imm 4, 0;
    %store/vec4a v000001e25a576bf0, 4, 0;
    %pushi/vec4 310598401, 0, 32;
    %ix/load 4, 9, 0;
    %flag_set/imm 4, 0;
    %store/vec4a v000001e25a576bf0, 4, 0;
    %pushi/vec4 607225278, 0, 32;
    %ix/load 4, 10, 0;
    %flag_set/imm 4, 0;
    %store/vec4a v000001e25a576bf0, 4, 0;
    %pushi/vec4 1426881987, 0, 32;
    %ix/load 4, 11, 0;
    %flag_set/imm 4, 0;
    %store/vec4a v000001e25a576bf0, 4, 0;
    %pushi/vec4 1925078388, 0, 32;
    %ix/load 4, 12, 0;
    %flag_set/imm 4, 0;
    %store/vec4a v000001e25a576bf0, 4, 0;
    %pushi/vec4 2162078206, 0, 32;
    %ix/load 4, 13, 0;
    %flag_set/imm 4, 0;
    %store/vec4a v000001e25a576bf0, 4, 0;
    %pushi/vec4 2614888103, 0, 32;
    %ix/load 4, 14, 0;
    %flag_set/imm 4, 0;
    %store/vec4a v000001e25a576bf0, 4, 0;
    %pushi/vec4 3248222580, 0, 32;
    %ix/load 4, 15, 0;
    %flag_set/imm 4, 0;
    %store/vec4a v000001e25a576bf0, 4, 0;
    %pushi/vec4 3835390401, 0, 32;
    %ix/load 4, 16, 0;
    %flag_set/imm 4, 0;
    %store/vec4a v000001e25a576bf0, 4, 0;
    %pushi/vec4 4022224774, 0, 32;
    %ix/load 4, 17, 0;
    %flag_set/imm 4, 0;
    %store/vec4a v000001e25a576bf0, 4, 0;
    %pushi/vec4 264347078, 0, 32;
    %ix/load 4, 18, 0;
    %flag_set/imm 4, 0;
    %store/vec4a v000001e25a576bf0, 4, 0;
    %pushi/vec4 604807628, 0, 32;
    %ix/load 4, 19, 0;
    %flag_set/imm 4, 0;
    %store/vec4a v000001e25a576bf0, 4, 0;
    %pushi/vec4 770255983, 0, 32;
    %ix/load 4, 20, 0;
    %flag_set/imm 4, 0;
    %store/vec4a v000001e25a576bf0, 4, 0;
    %pushi/vec4 1249150122, 0, 32;
    %ix/load 4, 21, 0;
    %flag_set/imm 4, 0;
    %store/vec4a v000001e25a576bf0, 4, 0;
    %pushi/vec4 1555081692, 0, 32;
    %ix/load 4, 22, 0;
    %flag_set/imm 4, 0;
    %store/vec4a v000001e25a576bf0, 4, 0;
    %pushi/vec4 1996064986, 0, 32;
    %ix/load 4, 23, 0;
    %flag_set/imm 4, 0;
    %store/vec4a v000001e25a576bf0, 4, 0;
    %pushi/vec4 2554220882, 0, 32;
    %ix/load 4, 24, 0;
    %flag_set/imm 4, 0;
    %store/vec4a v000001e25a576bf0, 4, 0;
    %pushi/vec4 2821834349, 0, 32;
    %ix/load 4, 25, 0;
    %flag_set/imm 4, 0;
    %store/vec4a v000001e25a576bf0, 4, 0;
    %pushi/vec4 2952996808, 0, 32;
    %ix/load 4, 26, 0;
    %flag_set/imm 4, 0;
    %store/vec4a v000001e25a576bf0, 4, 0;
    %pushi/vec4 3210313671, 0, 32;
    %ix/load 4, 27, 0;
    %flag_set/imm 4, 0;
    %store/vec4a v000001e25a576bf0, 4, 0;
    %pushi/vec4 3336571891, 0, 32;
    %ix/load 4, 28, 0;
    %flag_set/imm 4, 0;
    %store/vec4a v000001e25a576bf0, 4, 0;
    %pushi/vec4 3584528711, 0, 32;
    %ix/load 4, 29, 0;
    %flag_set/imm 4, 0;
    %store/vec4a v000001e25a576bf0, 4, 0;
    %pushi/vec4 113926993, 0, 32;
    %ix/load 4, 30, 0;
    %flag_set/imm 4, 0;
    %store/vec4a v000001e25a576bf0, 4, 0;
    %pushi/vec4 338241895, 0, 32;
    %ix/load 4, 31, 0;
    %flag_set/imm 4, 0;
    %store/vec4a v000001e25a576bf0, 4, 0;
    %pushi/vec4 666307205, 0, 32;
    %ix/load 4, 32, 0;
    %flag_set/imm 4, 0;
    %store/vec4a v000001e25a576bf0, 4, 0;
    %pushi/vec4 773529912, 0, 32;
    %ix/load 4, 33, 0;
    %flag_set/imm 4, 0;
    %store/vec4a v000001e25a576bf0, 4, 0;
    %pushi/vec4 1294757372, 0, 32;
    %ix/load 4, 34, 0;
    %flag_set/imm 4, 0;
    %store/vec4a v000001e25a576bf0, 4, 0;
    %pushi/vec4 1396182291, 0, 32;
    %ix/load 4, 35, 0;
    %flag_set/imm 4, 0;
    %store/vec4a v000001e25a576bf0, 4, 0;
    %pushi/vec4 1695183700, 0, 32;
    %ix/load 4, 36, 0;
    %flag_set/imm 4, 0;
    %store/vec4a v000001e25a576bf0, 4, 0;
    %pushi/vec4 1986661051, 0, 32;
    %ix/load 4, 37, 0;
    %flag_set/imm 4, 0;
    %store/vec4a v000001e25a576bf0, 4, 0;
    %pushi/vec4 2177026350, 0, 32;
    %ix/load 4, 38, 0;
    %flag_set/imm 4, 0;
    %store/vec4a v000001e25a576bf0, 4, 0;
    %pushi/vec4 2456956037, 0, 32;
    %ix/load 4, 39, 0;
    %flag_set/imm 4, 0;
    %store/vec4a v000001e25a576bf0, 4, 0;
    %pushi/vec4 2730485921, 0, 32;
    %ix/load 4, 40, 0;
    %flag_set/imm 4, 0;
    %store/vec4a v000001e25a576bf0, 4, 0;
    %pushi/vec4 2820302411, 0, 32;
    %ix/load 4, 41, 0;
    %flag_set/imm 4, 0;
    %store/vec4a v000001e25a576bf0, 4, 0;
    %pushi/vec4 3259730800, 0, 32;
    %ix/load 4, 42, 0;
    %flag_set/imm 4, 0;
    %store/vec4a v000001e25a576bf0, 4, 0;
    %pushi/vec4 3345764771, 0, 32;
    %ix/load 4, 43, 0;
    %flag_set/imm 4, 0;
    %store/vec4a v000001e25a576bf0, 4, 0;
    %pushi/vec4 3516065817, 0, 32;
    %ix/load 4, 44, 0;
    %flag_set/imm 4, 0;
    %store/vec4a v000001e25a576bf0, 4, 0;
    %pushi/vec4 3600352804, 0, 32;
    %ix/load 4, 45, 0;
    %flag_set/imm 4, 0;
    %store/vec4a v000001e25a576bf0, 4, 0;
    %pushi/vec4 4094571909, 0, 32;
    %ix/load 4, 46, 0;
    %flag_set/imm 4, 0;
    %store/vec4a v000001e25a576bf0, 4, 0;
    %pushi/vec4 275423344, 0, 32;
    %ix/load 4, 47, 0;
    %flag_set/imm 4, 0;
    %store/vec4a v000001e25a576bf0, 4, 0;
    %pushi/vec4 430227734, 0, 32;
    %ix/load 4, 48, 0;
    %flag_set/imm 4, 0;
    %store/vec4a v000001e25a576bf0, 4, 0;
    %pushi/vec4 506948616, 0, 32;
    %ix/load 4, 49, 0;
    %flag_set/imm 4, 0;
    %store/vec4a v000001e25a576bf0, 4, 0;
    %pushi/vec4 659060556, 0, 32;
    %ix/load 4, 50, 0;
    %flag_set/imm 4, 0;
    %store/vec4a v000001e25a576bf0, 4, 0;
    %pushi/vec4 883997877, 0, 32;
    %ix/load 4, 51, 0;
    %flag_set/imm 4, 0;
    %store/vec4a v000001e25a576bf0, 4, 0;
    %pushi/vec4 958139571, 0, 32;
    %ix/load 4, 52, 0;
    %flag_set/imm 4, 0;
    %store/vec4a v000001e25a576bf0, 4, 0;
    %pushi/vec4 1322822218, 0, 32;
    %ix/load 4, 53, 0;
    %flag_set/imm 4, 0;
    %store/vec4a v000001e25a576bf0, 4, 0;
    %pushi/vec4 1537002063, 0, 32;
    %ix/load 4, 54, 0;
    %flag_set/imm 4, 0;
    %store/vec4a v000001e25a576bf0, 4, 0;
    %pushi/vec4 1747873779, 0, 32;
    %ix/load 4, 55, 0;
    %flag_set/imm 4, 0;
    %store/vec4a v000001e25a576bf0, 4, 0;
    %pushi/vec4 1955562222, 0, 32;
    %ix/load 4, 56, 0;
    %flag_set/imm 4, 0;
    %store/vec4a v000001e25a576bf0, 4, 0;
    %pushi/vec4 2024104815, 0, 32;
    %ix/load 4, 57, 0;
    %flag_set/imm 4, 0;
    %store/vec4a v000001e25a576bf0, 4, 0;
    %pushi/vec4 2227730452, 0, 32;
    %ix/load 4, 58, 0;
    %flag_set/imm 4, 0;
    %store/vec4a v000001e25a576bf0, 4, 0;
    %pushi/vec4 2361852424, 0, 32;
    %ix/load 4, 59, 0;
    %flag_set/imm 4, 0;
    %store/vec4a v000001e25a576bf0, 4, 0;
    %pushi/vec4 2428436474, 0, 32;
    %ix/load 4, 60, 0;
    %flag_set/imm 4, 0;
    %store/vec4a v000001e25a576bf0, 4, 0;
    %pushi/vec4 2756734187, 0, 32;
    %ix/load 4, 61, 0;
    %flag_set/imm 4, 0;
    %store/vec4a v000001e25a576bf0, 4, 0;
    %pushi/vec4 3204031479, 0, 32;
    %ix/load 4, 62, 0;
    %flag_set/imm 4, 0;
    %store/vec4a v000001e25a576bf0, 4, 0;
    %pushi/vec4 3329325298, 0, 32;
    %ix/load 4, 63, 0;
    %flag_set/imm 4, 0;
    %store/vec4a v000001e25a576bf0, 4, 0;
    %jmp T_0;
    .thread T_0;
    .scope S_000001e25a576920;
T_1 ;
    %wait E_000001e25a5ef0e0;
    %load/vec4 v000001e25a64b550_0;
    %pad/u 32;
    %cmpi/e 127, 0, 32;
    %jmp/0xz  T_1.0, 4;
    %ix/load 4, 0, 0;
    %flag_set/imm 4, 0;
    %load/vec4a v000001e25a576b50, 4;
    %assign/vec4 v000001e25a64a6a0_0, 0;
    %ix/load 4, 1, 0;
    %flag_set/imm 4, 0;
    %load/vec4a v000001e25a576b50, 4;
    %assign/vec4 v000001e25a64a740_0, 0;
    %ix/load 4, 2, 0;
    %flag_set/imm 4, 0;
    %load/vec4a v000001e25a576b50, 4;
    %assign/vec4 v000001e25a64a7e0_0, 0;
    %ix/load 4, 3, 0;
    %flag_set/imm 4, 0;
    %load/vec4a v000001e25a576b50, 4;
    %assign/vec4 v000001e25a64a920_0, 0;
    %ix/load 4, 4, 0;
    %flag_set/imm 4, 0;
    %load/vec4a v000001e25a576b50, 4;
    %assign/vec4 v000001e25a64a9c0_0, 0;
    %ix/load 4, 5, 0;
    %flag_set/imm 4, 0;
    %load/vec4a v000001e25a576b50, 4;
    %assign/vec4 v000001e25a64b4b0_0, 0;
    %ix/load 4, 6, 0;
    %flag_set/imm 4, 0;
    %load/vec4a v000001e25a576b50, 4;
    %assign/vec4 v000001e25a64ab50_0, 0;
    %ix/load 4, 7, 0;
    %flag_set/imm 4, 0;
    %load/vec4a v000001e25a576b50, 4;
    %assign/vec4 v000001e25a64b410_0, 0;
T_1.0 ;
    %load/vec4 v000001e25a64b550_0;
    %pad/u 32;
    %cmpi/u 16, 0, 32;
    %jmp/0xz  T_1.2, 5;
    %load/vec4 v000001e25a64b9b0_0;
    %load/vec4 v000001e25a64b550_0;
    %pad/u 8;
    %ix/vec4 3;
    %ix/load 4, 0, 0; Constant delay
    %assign/vec4/a/d v000001e25a64a600, 0, 4;
    %jmp T_1.3;
T_1.2 ;
    %load/vec4 v000001e25a64b550_0;
    %pad/u 32;
    %cmpi/u 64, 0, 32;
    %jmp/0xz  T_1.4, 5;
    %load/vec4 v000001e25a64b550_0;
    %pad/u 32;
    %subi 2, 0, 32;
    %ix/vec4 4;
    %load/vec4a v000001e25a64a600, 4;
    %parti/s 17, 0, 2;
    %load/vec4 v000001e25a64b550_0;
    %pad/u 32;
    %subi 2, 0, 32;
    %ix/vec4 4;
    %load/vec4a v000001e25a64a600, 4;
    %parti/s 15, 17, 6;
    %concat/vec4; draw_concat_vec4
    %load/vec4 v000001e25a64b550_0;
    %pad/u 32;
    %subi 2, 0, 32;
    %ix/vec4 4;
    %load/vec4a v000001e25a64a600, 4;
    %parti/s 19, 0, 2;
    %load/vec4 v000001e25a64b550_0;
    %pad/u 32;
    %subi 2, 0, 32;
    %ix/vec4 4;
    %load/vec4a v000001e25a64a600, 4;
    %parti/s 13, 19, 6;
    %concat/vec4; draw_concat_vec4
    %xor;
    %load/vec4 v000001e25a64b550_0;
    %pad/u 32;
    %subi 2, 0, 32;
    %ix/vec4 4;
    %load/vec4a v000001e25a64a600, 4;
    %ix/load 4, 10, 0;
    %flag_set/imm 4, 0;
    %shiftr 4;
    %xor;
    %store/vec4 v000001e25a64b730_0, 0, 32;
    %load/vec4 v000001e25a64b550_0;
    %pad/u 32;
    %subi 7, 0, 32;
    %ix/vec4 4;
    %load/vec4a v000001e25a64a600, 4;
    %store/vec4 v000001e25a64b050_0, 0, 32;
    %load/vec4 v000001e25a64b550_0;
    %pad/u 32;
    %subi 15, 0, 32;
    %ix/vec4 4;
    %load/vec4a v000001e25a64a600, 4;
    %parti/s 7, 0, 2;
    %load/vec4 v000001e25a64b550_0;
    %pad/u 32;
    %subi 15, 0, 32;
    %ix/vec4 4;
    %load/vec4a v000001e25a64a600, 4;
    %parti/s 25, 7, 4;
    %concat/vec4; draw_concat_vec4
    %load/vec4 v000001e25a64b550_0;
    %pad/u 32;
    %subi 15, 0, 32;
    %ix/vec4 4;
    %load/vec4a v000001e25a64a600, 4;
    %parti/s 18, 0, 2;
    %load/vec4 v000001e25a64b550_0;
    %pad/u 32;
    %subi 15, 0, 32;
    %ix/vec4 4;
    %load/vec4a v000001e25a64a600, 4;
    %parti/s 14, 18, 6;
    %concat/vec4; draw_concat_vec4
    %xor;
    %load/vec4 v000001e25a64b550_0;
    %pad/u 32;
    %subi 15, 0, 32;
    %ix/vec4 4;
    %load/vec4a v000001e25a64a600, 4;
    %ix/load 4, 3, 0;
    %flag_set/imm 4, 0;
    %shiftr 4;
    %xor;
    %store/vec4 v000001e25a64b7d0_0, 0, 32;
    %load/vec4 v000001e25a64b550_0;
    %pad/u 32;
    %subi 16, 0, 32;
    %ix/vec4 4;
    %load/vec4a v000001e25a64a600, 4;
    %store/vec4 v000001e25a64b190_0, 0, 32;
    %load/vec4 v000001e25a64b730_0;
    %load/vec4 v000001e25a64b050_0;
    %add;
    %load/vec4 v000001e25a64b7d0_0;
    %add;
    %load/vec4 v000001e25a64b190_0;
    %add;
    %load/vec4 v000001e25a64b550_0;
    %pad/u 8;
    %ix/vec4 3;
    %ix/load 4, 0, 0; Constant delay
    %assign/vec4/a/d v000001e25a64a600, 0, 4;
T_1.4 ;
T_1.3 ;
    %load/vec4 v000001e25a64b550_0;
    %addi 1, 0, 7;
    %assign/vec4 v000001e25a64b550_0, 0;
    %jmp T_1;
    .thread T_1;
    .scope S_000001e25a576920;
T_2 ;
    %wait E_000001e25a5ef0e0;
    %load/vec4 v000001e25a64b550_0;
    %pad/u 32;
    %cmpi/u 0, 0, 32;
    %flag_or 5, 4; GT is !LE
    %flag_inv 5;
    %flag_get/vec4 5;
    %jmp/0 T_2.2, 5;
    %load/vec4 v000001e25a64b550_0;
    %pad/u 32;
    %cmpi/u 65, 0, 32;
    %flag_get/vec4 5;
    %and;
T_2.2;
    %flag_set/vec4 8;
    %jmp/0xz  T_2.0, 8;
    %load/vec4 v000001e25a64a9c0_0;
    %parti/s 6, 0, 2;
    %load/vec4 v000001e25a64a9c0_0;
    %parti/s 26, 6, 4;
    %concat/vec4; draw_concat_vec4
    %load/vec4 v000001e25a64a9c0_0;
    %parti/s 11, 0, 2;
    %load/vec4 v000001e25a64a9c0_0;
    %parti/s 21, 11, 5;
    %concat/vec4; draw_concat_vec4
    %xor;
    %load/vec4 v000001e25a64a9c0_0;
    %parti/s 25, 0, 2;
    %load/vec4 v000001e25a64a9c0_0;
    %parti/s 7, 25, 6;
    %concat/vec4; draw_concat_vec4
    %xor;
    %store/vec4 v000001e25a64ae70_0, 0, 32;
    %load/vec4 v000001e25a64a6a0_0;
    %parti/s 2, 0, 2;
    %load/vec4 v000001e25a64a6a0_0;
    %parti/s 30, 2, 3;
    %concat/vec4; draw_concat_vec4
    %load/vec4 v000001e25a64a6a0_0;
    %parti/s 13, 0, 2;
    %load/vec4 v000001e25a64a6a0_0;
    %parti/s 19, 13, 5;
    %concat/vec4; draw_concat_vec4
    %xor;
    %load/vec4 v000001e25a64a6a0_0;
    %parti/s 22, 0, 2;
    %load/vec4 v000001e25a64a6a0_0;
    %parti/s 10, 22, 6;
    %concat/vec4; draw_concat_vec4
    %xor;
    %store/vec4 v000001e25a64b910_0, 0, 32;
    %load/vec4 v000001e25a64a9c0_0;
    %load/vec4 v000001e25a64b4b0_0;
    %and;
    %load/vec4 v000001e25a64a9c0_0;
    %inv;
    %load/vec4 v000001e25a64ab50_0;
    %and;
    %xor;
    %store/vec4 v000001e25a5c4b20_0, 0, 32;
    %load/vec4 v000001e25a64a6a0_0;
    %load/vec4 v000001e25a64a740_0;
    %and;
    %load/vec4 v000001e25a64a740_0;
    %load/vec4 v000001e25a64a7e0_0;
    %and;
    %xor;
    %load/vec4 v000001e25a64a7e0_0;
    %load/vec4 v000001e25a64a6a0_0;
    %and;
    %xor;
    %store/vec4 v000001e25a64a420_0, 0, 32;
    %load/vec4 v000001e25a64b410_0;
    %load/vec4 v000001e25a64ae70_0;
    %add;
    %load/vec4 v000001e25a5c4b20_0;
    %add;
    %load/vec4 v000001e25a64b550_0;
    %pad/u 32;
    %subi 1, 0, 32;
    %ix/vec4 4;
    %load/vec4a v000001e25a576bf0, 4;
    %add;
    %load/vec4 v000001e25a64b550_0;
    %pad/u 32;
    %subi 1, 0, 32;
    %ix/vec4 4;
    %load/vec4a v000001e25a64a600, 4;
    %add;
    %store/vec4 v000001e25a64a4c0_0, 0, 32;
    %load/vec4 v000001e25a64b910_0;
    %load/vec4 v000001e25a64a420_0;
    %add;
    %store/vec4 v000001e25a64a560_0, 0, 32;
    %load/vec4 v000001e25a64ab50_0;
    %assign/vec4 v000001e25a64b410_0, 0;
    %load/vec4 v000001e25a64b4b0_0;
    %assign/vec4 v000001e25a64ab50_0, 0;
    %load/vec4 v000001e25a64a9c0_0;
    %assign/vec4 v000001e25a64b4b0_0, 0;
    %load/vec4 v000001e25a64a920_0;
    %load/vec4 v000001e25a64b410_0;
    %add;
    %load/vec4 v000001e25a64ae70_0;
    %add;
    %load/vec4 v000001e25a5c4b20_0;
    %add;
    %load/vec4 v000001e25a64b550_0;
    %pad/u 32;
    %subi 1, 0, 32;
    %ix/vec4 4;
    %load/vec4a v000001e25a576bf0, 4;
    %add;
    %load/vec4 v000001e25a64b550_0;
    %pad/u 32;
    %subi 1, 0, 32;
    %ix/vec4 4;
    %load/vec4a v000001e25a64a600, 4;
    %add;
    %assign/vec4 v000001e25a64a9c0_0, 0;
    %load/vec4 v000001e25a64a7e0_0;
    %assign/vec4 v000001e25a64a920_0, 0;
    %load/vec4 v000001e25a64a740_0;
    %assign/vec4 v000001e25a64a7e0_0, 0;
    %load/vec4 v000001e25a64a6a0_0;
    %assign/vec4 v000001e25a64a740_0, 0;
    %load/vec4 v000001e25a64a4c0_0;
    %load/vec4 v000001e25a64a560_0;
    %add;
    %assign/vec4 v000001e25a64a6a0_0, 0;
T_2.0 ;
    %load/vec4 v000001e25a64b550_0;
    %pad/u 32;
    %cmpi/e 65, 0, 32;
    %jmp/0xz  T_2.3, 4;
    %load/vec4 v000001e25a64a6a0_0;
    %ix/load 4, 0, 0;
    %flag_set/imm 4, 0;
    %load/vec4a v000001e25a576b50, 4;
    %add;
    %ix/load 3, 0, 0;
    %flag_set/imm 4, 0;
    %ix/load 4, 0, 0; Constant delay
    %assign/vec4/a/d v000001e25a576b50, 0, 4;
    %load/vec4 v000001e25a64a740_0;
    %ix/load 4, 1, 0;
    %flag_set/imm 4, 0;
    %load/vec4a v000001e25a576b50, 4;
    %add;
    %ix/load 3, 1, 0;
    %flag_set/imm 4, 0;
    %ix/load 4, 0, 0; Constant delay
    %assign/vec4/a/d v000001e25a576b50, 0, 4;
    %load/vec4 v000001e25a64a7e0_0;
    %ix/load 4, 2, 0;
    %flag_set/imm 4, 0;
    %load/vec4a v000001e25a576b50, 4;
    %add;
    %ix/load 3, 2, 0;
    %flag_set/imm 4, 0;
    %ix/load 4, 0, 0; Constant delay
    %assign/vec4/a/d v000001e25a576b50, 0, 4;
    %load/vec4 v000001e25a64a920_0;
    %ix/load 4, 3, 0;
    %flag_set/imm 4, 0;
    %load/vec4a v000001e25a576b50, 4;
    %add;
    %ix/load 3, 3, 0;
    %flag_set/imm 4, 0;
    %ix/load 4, 0, 0; Constant delay
    %assign/vec4/a/d v000001e25a576b50, 0, 4;
    %load/vec4 v000001e25a64a9c0_0;
    %ix/load 4, 4, 0;
    %flag_set/imm 4, 0;
    %load/vec4a v000001e25a576b50, 4;
    %add;
    %ix/load 3, 4, 0;
    %flag_set/imm 4, 0;
    %ix/load 4, 0, 0; Constant delay
    %assign/vec4/a/d v000001e25a576b50, 0, 4;
    %load/vec4 v000001e25a64b4b0_0;
    %ix/load 4, 5, 0;
    %flag_set/imm 4, 0;
    %load/vec4a v000001e25a576b50, 4;
    %add;
    %ix/load 3, 5, 0;
    %flag_set/imm 4, 0;
    %ix/load 4, 0, 0; Constant delay
    %assign/vec4/a/d v000001e25a576b50, 0, 4;
    %load/vec4 v000001e25a64ab50_0;
    %ix/load 4, 6, 0;
    %flag_set/imm 4, 0;
    %load/vec4a v000001e25a576b50, 4;
    %add;
    %ix/load 3, 6, 0;
    %flag_set/imm 4, 0;
    %ix/load 4, 0, 0; Constant delay
    %assign/vec4/a/d v000001e25a576b50, 0, 4;
    %load/vec4 v000001e25a64b410_0;
    %ix/load 4, 7, 0;
    %flag_set/imm 4, 0;
    %load/vec4a v000001e25a576b50, 4;
    %add;
    %ix/load 3, 7, 0;
    %flag_set/imm 4, 0;
    %ix/load 4, 0, 0; Constant delay
    %assign/vec4/a/d v000001e25a576b50, 0, 4;
    %pushi/vec4 127, 0, 7;
    %assign/vec4 v000001e25a64b550_0, 0;
    %load/vec4 v000001e25a64b690_0;
    %pad/u 32;
    %cmpi/e 1, 0, 32;
    %flag_get/vec4 4;
    %jmp/0 T_2.7, 4;
    %load/vec4 v000001e25a64afb0_0;
    %parti/s 1, 0, 2;
    %cmpi/e 1, 0, 1;
    %flag_get/vec4 4;
    %jmp/1 T_2.8, 4;
    %load/vec4 v000001e25a576ab0_0;
    %pushi/vec4 1, 0, 1;
    %cmp/e;
    %flag_get/vec4 4;
    %or;
T_2.8;
    %and;
T_2.7;
    %flag_set/vec4 8;
    %jmp/0xz  T_2.5, 8;
    %pushi/vec4 1, 0, 1;
    %store/vec4 v000001e25a64b5f0_0, 0, 1;
T_2.5 ;
    %load/vec4 v000001e25a64afb0_0;
    %parti/s 1, 1, 2;
    %cmpi/e 1, 0, 1;
    %jmp/0xz  T_2.9, 4;
    %pushi/vec4 1, 0, 1;
    %assign/vec4 v000001e25a576ab0_0, 0;
T_2.9 ;
T_2.3 ;
    %jmp T_2;
    .thread T_2;
# The file index is used to find the file name in the following table.
:file_names 3;
    "N/A";
    "<interactive>";
    "sha_engine.v";
